{
  "RSpec": {
    "coverage": {
      "/Users/Thu/ticketee2/app/models/user.rb": [
        1,
        null,
        null,
        null,
        1,
        null,
        null,
        null,
        1,
        null,
        null,
        1,
        null,
        1,
        29,
        null,
        null,
        null
      ],
      "/Users/Thu/ticketee2/app/controllers/application_controller.rb": [
        1,
        1,
        null,
        1,
        null,
        1,
        56,
        56,
        6,
        6,
        null,
        null,
        null,
        null
      ],
      "/Users/Thu/ticketee2/app/helpers/application_helper.rb": [
        1,
        null,
        1,
        20,
        20,
        20,
        null,
        null,
        null,
        null,
        1,
        184,
        null,
        null,
        null
      ],
      "/Users/Thu/ticketee2/app/helpers/admin/users_helper.rb": [
        1,
        null
      ],
      "/Users/Thu/ticketee2/app/helpers/projects_helper.rb": [
        1,
        null
      ],
      "/Users/Thu/ticketee2/app/helpers/tickets_helper.rb": [
        1,
        null
      ],
      "/Users/Thu/ticketee2/app/controllers/admin/base_controller.rb": [
        1,
        null,
        1,
        null,
        1,
        null,
        null,
        null
      ],
      "/Users/Thu/ticketee2/app/controllers/admin/users_controller.rb": [
        1,
        null,
        1,
        null,
        1,
        14,
        null,
        null,
        1,
        3,
        null,
        null,
        1,
        3,
        3,
        2,
        2,
        null,
        1,
        1,
        null,
        null,
        null,
        1,
        null,
        null,
        1,
        null,
        null,
        1,
        3,
        null,
        3,
        3,
        3,
        null,
        null,
        3,
        2,
        2,
        null,
        1,
        1,
        null,
        null,
        null,
        null,
        1,
        2,
        1,
        null,
        1,
        1,
        null,
        2,
        null,
        null,
        1,
        1,
        13,
        null,
        null,
        null
      ],
      "/Users/Thu/ticketee2/app/controllers/projects_controller.rb": [
        1,
        1,
        1,
        null,
        null,
        null,
        1,
        53,
        null,
        null,
        1,
        2,
        null,
        null,
        1,
        2,
        2,
        1,
        1,
        null,
        1,
        1,
        null,
        null,
        null,
        1,
        null,
        null,
        1,
        null,
        null,
        1,
        2,
        1,
        1,
        null,
        1,
        1,
        null,
        null,
        null,
        1,
        1,
        1,
        1,
        null,
        null,
        1,
        null,
        1,
        26,
        null,
        1,
        null,
        1,
        null,
        null,
        null
      ],
      "/Users/Thu/ticketee2/app/models/project.rb": [
        1,
        1,
        null,
        1,
        null,
        1,
        null,
        null
      ],
      "/Users/Thu/ticketee2/app/controllers/tickets_controller.rb": [
        1,
        1,
        1,
        1,
        null,
        1,
        3,
        null,
        null,
        1,
        3,
        3,
        3,
        1,
        1,
        null,
        2,
        2,
        null,
        null,
        null,
        1,
        null,
        null,
        1,
        null,
        null,
        1,
        2,
        1,
        1,
        null,
        1,
        1,
        null,
        null,
        null,
        1,
        1,
        1,
        1,
        null,
        null,
        1,
        1,
        17,
        null,
        null,
        1,
        11,
        null,
        null
      ],
      "/Users/Thu/ticketee2/app/models/ticket.rb": [
        1,
        1,
        1,
        1,
        1,
        1,
        null,
        null
      ],
      "/Users/Thu/ticketee2/app/models/ability.rb": [
        1,
        0,
        null
      ]
    },
    "timestamp": 1374134350
  }
}
